<?xml version="1.0" encoding="UTF-8"?>
<!-- Generated by org.testng.reporters.JUnitReportReporter -->
<testsuite hostname="BSC-PG02B55Z" failures="0" tests="1" name="sel.DynamicDropDown" time="19.210" errors="0" timestamp="2024-02-12T11:28:02 IST" skipped="0">
  <testcase classname="sel.DynamicDropDown" name="DynamicDropdown2" time="19.210"/>
  <system-out/>
</testsuite> <!-- sel.DynamicDropDown -->
