<?xml version="1.0" encoding="UTF-8"?>
<!-- Generated by org.testng.reporters.JUnitReportReporter -->
<testsuite hostname="BSC-PG02B55Z" failures="0" tests="3" name="sel.CrossBrowserTesting" time="18.598" errors="0" timestamp="2024-02-12T11:26:57 IST" skipped="0">
  <testcase classname="sel.CrossBrowserTesting" name="citibanklogin" time="7.819"/>
  <system-out/>
  <testcase classname="sel.CrossBrowserTesting" name="citibanklogin" time="4.221"/>
  <system-out/>
  <testcase classname="sel.CrossBrowserTesting" name="citibanklogin" time="6.558"/>
  <system-out/>
</testsuite> <!-- sel.CrossBrowserTesting -->
