<?xml version="1.0" encoding="UTF-8"?>
<!-- Generated by org.testng.reporters.JUnitReportReporter -->
<testsuite hostname="BSC-PG02B55Z" failures="0" tests="1" name="sel.FileDownload" time="4.994" errors="0" timestamp="2024-02-09T13:04:07 IST" skipped="0">
  <testcase classname="sel.FileDownload" name="FileDownload2" time="4.994"/>
  <system-out/>
</testsuite> <!-- sel.FileDownload -->
